<?xml version="1.0" encoding="UTF-8"?>
<!-- Generated by org.testng.reporters.JUnitReportReporter -->
<testsuite skipped="0" hostname="HP-PC" name="week5day2.DeleteLead" tests="2" failures="0" timestamp="24 Jun 2018 16:39:46 GMT" time="68.061" errors="0">
  <testcase name="delete" time="35.978" classname="week5day2.DeleteLead"/>
  <testcase name="delete" time="32.083" classname="week5day2.DeleteLead"/>
</testsuite> <!-- week5day2.DeleteLead -->
