<?xml version="1.0" encoding="UTF-8"?>
<!-- Generated by org.testng.reporters.JUnitReportReporter -->
<testsuite skipped="1" hostname="HP-PC" name="tests.EditLead" tests="1" failures="0" timestamp="23 Jun 2018 07:18:14 GMT" time="0.000" errors="0">
  <testcase name="edit" time="0.000" classname="tests.EditLead">
    <skipped/>
  </testcase> <!-- edit -->
</testsuite> <!-- tests.EditLead -->
