<?xml version="1.0" encoding="UTF-8"?>
<!-- Generated by org.testng.reporters.JUnitReportReporter -->
<testsuite skipped="0" hostname="HP-PC" name="week5day2.DuplicatedLead" tests="2" failures="0" timestamp="24 Jun 2018 16:39:46 GMT" time="68.042" errors="0">
  <testcase name="Duplicate" time="33.067" classname="week5day2.DuplicatedLead"/>
  <testcase name="Duplicate" time="34.975" classname="week5day2.DuplicatedLead"/>
</testsuite> <!-- week5day2.DuplicatedLead -->
