<?xml version="1.0" encoding="UTF-8"?>
<!-- Generated by org.testng.reporters.JUnitReportReporter -->
<testsuite skipped="0" hostname="HP-PC" name="week6day1.CreateLead2" tests="1" failures="0" timestamp="01 Jul 2018 07:27:43 GMT" time="40.785" errors="0">
  <testcase name="createLead" time="40.785" classname="week6day1.CreateLead2"/>
</testsuite> <!-- week6day1.CreateLead2 -->
