<?xml version="1.0" encoding="UTF-8"?>
<!-- Generated by org.testng.reporters.JUnitReportReporter -->
<testsuite skipped="0" hostname="HP-PC" name="week5day1.EditLead" tests="1" failures="0" timestamp="23 Jun 2018 16:48:41 GMT" time="35.385" errors="0">
  <testcase name="edit" time="35.385" classname="week5day1.EditLead"/>
</testsuite> <!-- week5day1.EditLead -->
