<?xml version="1.0" encoding="UTF-8"?>
<!-- Generated by org.testng.reporters.JUnitReportReporter -->
<testsuite skipped="0" hostname="HP-PC" name="week6day1.DuplicatedLead" tests="1" failures="0" timestamp="05 Jul 2018 18:46:09 GMT" time="50.832" errors="0">
  <testcase name="Duplicate" time="50.832" classname="week6day1.DuplicatedLead"/>
</testsuite> <!-- week6day1.DuplicatedLead -->
