<?xml version="1.0" encoding="UTF-8"?>
<!-- Generated by org.testng.reporters.JUnitReportReporter -->
<testsuite skipped="0" hostname="HP-PC" name="week5day2.CreateLead" tests="1" failures="0" timestamp="24 Jun 2018 16:39:46 GMT" time="71.076" errors="0">
  <testcase name="createLead" time="71.076" classname="week5day2.CreateLead"/>
</testsuite> <!-- week5day2.CreateLead -->
