<?xml version="1.0" encoding="UTF-8"?>
<!-- Generated by org.testng.reporters.JUnitReportReporter -->
<testsuite skipped="0" hostname="HP-PC" name="grid.JqueryUi" tests="1" failures="0" timestamp="08 Jul 2018 11:18:55 GMT" time="18.267" errors="0">
  <testcase name="frame" time="18.267" classname="grid.JqueryUi"/>
</testsuite> <!-- grid.JqueryUi -->
