<?xml version="1.0" encoding="UTF-8"?>
<!-- Generated by org.testng.reporters.JUnitReportReporter -->
<testsuite skipped="0" hostname="HP-PC" name="week6day1.MergeLead" tests="1" failures="0" timestamp="30 Jun 2018 17:37:10 GMT" time="43.039" errors="0">
  <testcase name="merge" time="43.039" classname="week6day1.MergeLead"/>
</testsuite> <!-- week6day1.MergeLead -->
