<?xml version="1.0" encoding="UTF-8"?>
<!-- Generated by org.testng.reporters.JUnitReportReporter -->
<testsuite skipped="0" hostname="HP-PC" name="week6day1.CreateLead" tests="1" failures="0" timestamp="23 Jul 2018 15:41:44 GMT" time="64.720" errors="0">
  <testcase name="createLead" time="64.720" classname="week6day1.CreateLead"/>
</testsuite> <!-- week6day1.CreateLead -->
