<?xml version="1.0" encoding="UTF-8"?>
<!-- Generated by org.testng.reporters.JUnitReportReporter -->
<testsuite skipped="0" hostname="HP-PC" name="week6day1.CreateLead" tests="1" failures="0" timestamp="15 Jul 2018 07:06:11 GMT" time="45.547" errors="0">
  <testcase name="createLead" time="45.547" classname="week6day1.CreateLead"/>
</testsuite> <!-- week6day1.CreateLead -->
