<?xml version="1.0" encoding="UTF-8"?>
<!-- Generated by org.testng.reporters.JUnitReportReporter -->
<testsuite skipped="0" hostname="HP-PC" name="week3day2.Activity2" tests="1" failures="0" timestamp="17 Jun 2018 12:32:31 GMT" time="2.813" errors="0">
  <testcase name="main" time="2.813" classname="week3day2.Activity2"/>
</testsuite> <!-- week3day2.Activity2 -->
