<?xml version="1.0" encoding="UTF-8"?>
<!-- Generated by org.testng.reporters.JUnitReportReporter -->
<testsuite skipped="0" hostname="HP-PC" name="tests.MergeLead" tests="1" failures="0" timestamp="16 Jun 2018 12:40:25 GMT" time="27.293" errors="0">
  <testcase name="main" time="27.293" classname="tests.MergeLead"/>
</testsuite> <!-- tests.MergeLead -->
