<?xml version="1.0" encoding="UTF-8"?>
<!-- Generated by org.testng.reporters.JUnitReportReporter -->
<testsuite skipped="0" hostname="HP-PC" name="week5day2.MergeLead" tests="2" failures="0" timestamp="24 Jun 2018 16:39:46 GMT" time="95.566" errors="0">
  <testcase name="merge" time="52.184" classname="week5day2.MergeLead"/>
  <testcase name="merge" time="43.382" classname="week5day2.MergeLead"/>
</testsuite> <!-- week5day2.MergeLead -->
