<?xml version="1.0" encoding="UTF-8"?>
<!-- Generated by org.testng.reporters.JUnitReportReporter -->
<testsuite skipped="0" hostname="HP-PC" name="week5day1.MergeLead" tests="1" failures="0" timestamp="23 Jun 2018 16:48:41 GMT" time="40.283" errors="0">
  <testcase name="main" time="40.283" classname="week5day1.MergeLead"/>
</testsuite> <!-- week5day1.MergeLead -->
